TN:
SF:script/DeployPlatform.s.sol
DA:20,7
FN:20,DeployPlatform.run
FNDA:7,DeployPlatform.run
DA:21,7
DA:22,7
DA:23,7
FNF:1
FNH:1
LF:4
LH:4
BRF:0
BRH:0
end_of_record
TN:
SF:script/HelperConfig.s.sol
DA:24,0
FN:24,HelperConfig.getConfig
FNDA:0,HelperConfig.getConfig
DA:25,0
DA:28,0
FN:28,HelperConfig.getConfigByChainId
FNDA:0,HelperConfig.getConfigByChainId
DA:29,0
DA:30,0
BRDA:30,0,0,-
BRDA:30,0,1,-
DA:31,0
DA:33,0
BRDA:33,1,0,-
BRDA:33,1,1,-
DA:34,0
DA:37,0
DA:41,0
FN:41,HelperConfig.getSepoliaEthConfig
FNDA:0,HelperConfig.getSepoliaEthConfig
DA:42,0
DA:45,0
DA:48,0
FN:48,HelperConfig.getOrCreateAnvilLocalConfig
FNDA:0,HelperConfig.getOrCreateAnvilLocalConfig
DA:49,0
BRDA:49,2,0,-
DA:50,0
DA:53,0
DA:57,0
DA:58,0
FNF:4
FNH:0
LF:18
LH:0
BRF:5
BRH:0
end_of_record
TN:
SF:src/CrowdfundingPlatform.sol
DA:60,0
FN:60,CrowdfundingPlatform.campaignValid
FNDA:0,CrowdfundingPlatform.campaignValid
DA:61,0
BRDA:61,0,0,-
DA:62,0
DA:67,2
FN:67,CrowdfundingPlatform.campaignValidAndActive
FNDA:2,CrowdfundingPlatform.campaignValidAndActive
DA:68,2
BRDA:68,1,0,-
DA:69,0
DA:71,2
BRDA:71,2,0,-
DA:72,0
DA:86,7
FN:86,CrowdfundingPlatform.constructor
FNDA:7,CrowdfundingPlatform.constructor
DA:88,7
DA:89,7
DA:90,7
DA:103,7
FN:103,CrowdfundingPlatform.launchCampaign
FNDA:7,CrowdfundingPlatform.launchCampaign
DA:104,7
DA:106,7
BRDA:106,3,0,-
DA:107,0
DA:110,7
BRDA:110,4,0,1
DA:111,1
DA:114,6
DA:115,6
DA:116,6
DA:117,6
DA:118,6
DA:119,6
DA:121,6
DA:122,6
DA:123,6
DA:131,4
FN:131,CrowdfundingPlatform.fundCampaign
FNDA:4,CrowdfundingPlatform.fundCampaign
DA:136,4
BRDA:136,5,0,1
DA:137,1
DA:140,3
DA:141,3
BRDA:141,6,0,1
DA:142,1
DA:145,2
BRDA:145,7,0,2
DA:146,2
DA:148,2
DA:149,2
DA:151,2
DA:153,2
BRDA:153,8,0,-
DA:154,0
DA:163,2
FN:163,CrowdfundingPlatform.finalizeCampaign
FNDA:2,CrowdfundingPlatform.finalizeCampaign
DA:168,2
DA:170,2
BRDA:170,9,0,1
DA:171,1
DA:178,0
FN:178,CrowdfundingPlatform.setTokenRation
FNDA:0,CrowdfundingPlatform.setTokenRation
DA:179,0
DA:186,0
FN:186,CrowdfundingPlatform._campaignSucceeded
FNDA:0,CrowdfundingPlatform._campaignSucceeded
DA:187,0
DA:189,0
BRDA:189,10,0,-
DA:190,0
DA:200,1
FN:200,CrowdfundingPlatform.getCampaignName
FNDA:1,CrowdfundingPlatform.getCampaignName
DA:205,1
DA:208,1
FN:208,CrowdfundingPlatform.getCampaignFundingGoal
FNDA:1,CrowdfundingPlatform.getCampaignFundingGoal
DA:213,1
DA:216,1
FN:216,CrowdfundingPlatform.getCampaignCurrentFunding
FNDA:1,CrowdfundingPlatform.getCampaignCurrentFunding
DA:221,1
DA:224,1
FN:224,CrowdfundingPlatform.getCampaignCreator
FNDA:1,CrowdfundingPlatform.getCampaignCreator
DA:229,1
DA:232,1
FN:232,CrowdfundingPlatform.getCampaignState
FNDA:1,CrowdfundingPlatform.getCampaignState
DA:237,1
DA:240,1
FN:240,CrowdfundingPlatform.isContributorInCampaign
FNDA:1,CrowdfundingPlatform.isContributorInCampaign
DA:245,1
DA:248,0
FN:248,CrowdfundingPlatform.getMinimalInvestment
FNDA:0,CrowdfundingPlatform.getMinimalInvestment
DA:249,0
FNF:15
FNH:11
LF:64
LH:49
BRF:11
BRH:5
end_of_record
